2025-06-27 21:13:30,088 - INFO - Created output file: persistent_adsb_data_20250627_211330.csv
2025-06-27 21:13:30,088 - INFO - Starting persistent collection for 5 minutes...
2025-06-27 21:13:30,256 - INFO - Connected to data.adsbhub.org:5002 (attempt #1)
2025-06-27 21:13:30,401 - INFO - Connection closed by server
2025-06-27 21:13:30,401 - INFO - Waiting 10 seconds before reconnection...
2025-06-27 21:13:40,554 - INFO - Connected to data.adsbhub.org:5002 (attempt #2)
2025-06-27 21:13:40,696 - INFO - Connection closed by server
2025-06-27 21:13:40,697 - INFO - Waiting 10 seconds before reconnection...
2025-06-27 21:13:50,849 - INFO - Connected to data.adsbhub.org:5002 (attempt #3)
2025-06-27 21:13:50,997 - INFO - Connection closed by server
2025-06-27 21:13:50,998 - INFO - Waiting 10 seconds before reconnection...
2025-06-27 21:14:01,148 - INFO - Connected to data.adsbhub.org:5002 (attempt #4)
2025-06-27 21:14:01,290 - INFO - Connection closed by server
2025-06-27 21:14:01,291 - INFO - Waiting 10 seconds before reconnection...
2025-06-27 21:14:11,439 - INFO - Connected to data.adsbhub.org:5002 (attempt #5)
2025-06-27 21:14:11,582 - INFO - Connection closed by server
2025-06-27 21:14:11,583 - INFO - Waiting 10 seconds before reconnection...
2025-06-27 21:14:21,751 - INFO - Connected to data.adsbhub.org:5002 (attempt #6)
2025-06-27 21:14:21,899 - INFO - Connection closed by server
2025-06-27 21:14:21,900 - INFO - Waiting 10 seconds before reconnection...
2025-06-27 21:14:32,051 - INFO - Connected to data.adsbhub.org:5002 (attempt #7)
2025-06-27 21:14:32,201 - INFO - Connection closed by server
2025-06-27 21:14:32,201 - INFO - Waiting 10 seconds before reconnection...
2025-06-27 21:14:42,350 - INFO - Connected to data.adsbhub.org:5002 (attempt #8)
2025-06-27 21:14:42,501 - INFO - Connection closed by server
2025-06-27 21:14:42,501 - INFO - Waiting 10 seconds before reconnection...
2025-06-27 21:14:52,658 - INFO - Connected to data.adsbhub.org:5002 (attempt #9)
2025-06-27 21:14:52,800 - INFO - Connection closed by server
2025-06-27 21:14:52,800 - INFO - Waiting 10 seconds before reconnection...
2025-06-27 21:15:02,945 - INFO - Connected to data.adsbhub.org:5002 (attempt #10)
2025-06-27 21:15:03,092 - INFO - Connection closed by server
2025-06-27 21:15:03,093 - INFO - Waiting 10 seconds before reconnection...
2025-06-27 21:15:13,242 - INFO - Connected to data.adsbhub.org:5002 (attempt #11)
2025-06-27 21:15:13,392 - INFO - Connection closed by server
2025-06-27 21:15:13,394 - INFO - Waiting 10 seconds before reconnection...
2025-06-27 21:15:23,546 - INFO - Connected to data.adsbhub.org:5002 (attempt #12)
2025-06-27 21:15:23,691 - INFO - Connection closed by server
2025-06-27 21:15:23,691 - INFO - Waiting 10 seconds before reconnection...
2025-06-27 21:15:33,855 - INFO - Connected to data.adsbhub.org:5002 (attempt #13)
2025-06-27 21:15:34,005 - INFO - Connection closed by server
2025-06-27 21:15:34,006 - INFO - Waiting 10 seconds before reconnection...
2025-06-27 21:34:35,289 - INFO - Created output file: persistent_adsb_data_20250627_213435.csv
2025-06-27 21:34:35,289 - INFO - Starting persistent collection for 5 minutes...
2025-06-27 21:34:35,506 - INFO - Connected to data.adsbhub.org:5002 (attempt #1)
2025-06-27 21:34:35,663 - INFO - Connection closed by server
2025-06-27 21:34:35,663 - INFO - Waiting 10 seconds before reconnection...
2025-06-27 21:34:45,826 - INFO - Connected to data.adsbhub.org:5002 (attempt #2)
2025-06-27 21:34:45,975 - INFO - Connection closed by server
2025-06-27 21:34:45,976 - INFO - Waiting 10 seconds before reconnection...
2025-06-27 21:34:56,138 - INFO - Connected to data.adsbhub.org:5002 (attempt #3)
2025-06-27 21:34:56,283 - INFO - Connection closed by server
2025-06-27 21:34:56,284 - INFO - Waiting 10 seconds before reconnection...
2025-06-27 21:35:06,448 - INFO - Connected to data.adsbhub.org:5002 (attempt #4)
2025-06-27 21:35:06,600 - INFO - Connection closed by server
2025-06-27 21:35:06,602 - INFO - Waiting 10 seconds before reconnection...
2025-06-27 21:35:16,750 - INFO - Connected to data.adsbhub.org:5002 (attempt #5)
2025-06-27 21:35:16,892 - INFO - Connection closed by server
2025-06-27 21:35:16,893 - INFO - Waiting 10 seconds before reconnection...
2025-06-27 21:35:27,048 - INFO - Connected to data.adsbhub.org:5002 (attempt #6)
2025-06-27 21:35:27,210 - INFO - Connection closed by server
2025-06-27 21:35:27,212 - INFO - Waiting 10 seconds before reconnection...
2025-06-27 21:35:37,365 - INFO - Connected to data.adsbhub.org:5002 (attempt #7)
2025-06-27 21:35:37,503 - INFO - Connection closed by server
2025-06-27 21:35:37,503 - INFO - Waiting 10 seconds before reconnection...
2025-06-27 21:35:47,654 - INFO - Connected to data.adsbhub.org:5002 (attempt #8)
2025-06-27 21:35:47,808 - INFO - Connection closed by server
2025-06-27 21:35:47,810 - INFO - Waiting 10 seconds before reconnection...
2025-06-27 21:35:57,968 - INFO - Connected to data.adsbhub.org:5002 (attempt #9)
2025-06-27 21:35:58,119 - INFO - Connection closed by server
2025-06-27 21:35:58,120 - INFO - Waiting 10 seconds before reconnection...
2025-06-27 21:36:08,285 - INFO - Connected to data.adsbhub.org:5002 (attempt #10)
2025-06-27 21:36:08,434 - INFO - Connection closed by server
2025-06-27 21:36:08,435 - INFO - Waiting 10 seconds before reconnection...
2025-06-27 21:36:18,585 - INFO - Connected to data.adsbhub.org:5002 (attempt #11)
2025-06-27 21:36:18,736 - INFO - Connection closed by server
2025-06-27 21:36:18,737 - INFO - Waiting 10 seconds before reconnection...
2025-06-27 21:36:28,893 - INFO - Connected to data.adsbhub.org:5002 (attempt #12)
2025-06-27 21:36:29,042 - INFO - Connection closed by server
2025-06-27 21:36:29,043 - INFO - Waiting 10 seconds before reconnection...
2025-06-27 21:36:39,200 - INFO - Connected to data.adsbhub.org:5002 (attempt #13)
2025-06-27 21:36:39,343 - INFO - Connection closed by server
2025-06-27 21:36:39,344 - INFO - Waiting 10 seconds before reconnection...
2025-06-27 21:36:49,504 - INFO - Connected to data.adsbhub.org:5002 (attempt #14)
2025-06-27 21:36:49,654 - INFO - Connection closed by server
2025-06-27 21:36:49,655 - INFO - Waiting 10 seconds before reconnection...
2025-06-27 21:36:59,805 - INFO - Connected to data.adsbhub.org:5002 (attempt #15)
2025-06-27 21:36:59,964 - INFO - Connection closed by server
2025-06-27 21:36:59,966 - INFO - Waiting 10 seconds before reconnection...
2025-06-27 21:37:10,171 - INFO - Connected to data.adsbhub.org:5002 (attempt #16)
2025-06-27 21:37:10,323 - INFO - Connection closed by server
2025-06-27 21:37:10,324 - INFO - Waiting 10 seconds before reconnection...
2025-06-27 21:37:20,474 - INFO - Connected to data.adsbhub.org:5002 (attempt #17)
2025-06-27 21:37:20,616 - INFO - Connection closed by server
2025-06-27 21:37:20,617 - INFO - Waiting 10 seconds before reconnection...
2025-06-27 21:37:30,767 - INFO - Connected to data.adsbhub.org:5002 (attempt #18)
2025-06-27 21:37:30,915 - INFO - Connection closed by server
2025-06-27 21:37:30,916 - INFO - Waiting 10 seconds before reconnection...
2025-06-29 14:22:21,004 - INFO - Created output file: persistent_adsb_data_20250629_142221.csv
2025-06-29 14:22:21,004 - INFO - Starting persistent collection for 5 minutes...
2025-06-29 14:22:21,149 - INFO - Connected to data.adsbhub.org:5002 (attempt #1)
2025-06-29 14:22:21,290 - INFO - Connection closed by server
2025-06-29 14:22:21,291 - INFO - Waiting 10 seconds before reconnection...
2025-06-29 14:22:31,454 - INFO - Connected to data.adsbhub.org:5002 (attempt #2)
2025-06-29 14:22:31,602 - INFO - Connection closed by server
2025-06-29 14:22:31,603 - INFO - Waiting 10 seconds before reconnection...
2025-06-29 14:22:41,752 - INFO - Connected to data.adsbhub.org:5002 (attempt #3)
2025-06-29 14:22:41,894 - INFO - Connection closed by server
2025-06-29 14:22:41,895 - INFO - Waiting 10 seconds before reconnection...
2025-06-29 14:22:52,043 - INFO - Connected to data.adsbhub.org:5002 (attempt #4)
2025-06-29 14:22:52,185 - INFO - Connection closed by server
2025-06-29 14:22:52,186 - INFO - Waiting 10 seconds before reconnection...
2025-06-29 14:23:02,349 - INFO - Connected to data.adsbhub.org:5002 (attempt #5)
2025-06-29 14:23:02,499 - INFO - Connection closed by server
2025-06-29 14:23:02,499 - INFO - Waiting 10 seconds before reconnection...
2025-06-29 14:23:12,653 - INFO - Connected to data.adsbhub.org:5002 (attempt #6)
2025-06-29 14:23:12,798 - INFO - Connection closed by server
2025-06-29 14:23:12,799 - INFO - Waiting 10 seconds before reconnection...
2025-06-29 14:23:22,953 - INFO - Connected to data.adsbhub.org:5002 (attempt #7)
2025-06-29 14:23:23,100 - INFO - Connection closed by server
2025-06-29 14:23:23,102 - INFO - Waiting 10 seconds before reconnection...
2025-06-29 14:23:33,257 - INFO - Connected to data.adsbhub.org:5002 (attempt #8)
2025-06-29 14:23:33,405 - INFO - Connection closed by server
2025-06-29 14:23:33,405 - INFO - Waiting 10 seconds before reconnection...
2025-06-29 14:23:43,626 - INFO - Connected to data.adsbhub.org:5002 (attempt #9)
2025-06-29 14:23:43,776 - INFO - Connection closed by server
2025-06-29 14:23:43,777 - INFO - Waiting 10 seconds before reconnection...
2025-06-29 14:23:53,921 - INFO - Connected to data.adsbhub.org:5002 (attempt #10)
2025-06-29 14:23:54,063 - INFO - Connection closed by server
2025-06-29 14:23:54,065 - INFO - Waiting 10 seconds before reconnection...
2025-06-29 14:24:04,218 - INFO - Connected to data.adsbhub.org:5002 (attempt #11)
2025-06-29 14:24:04,366 - INFO - Connection closed by server
2025-06-29 14:24:04,367 - INFO - Waiting 10 seconds before reconnection...
2025-06-29 14:24:14,524 - INFO - Connected to data.adsbhub.org:5002 (attempt #12)
2025-06-29 14:24:14,667 - INFO - Connection closed by server
2025-06-29 14:24:14,668 - INFO - Waiting 10 seconds before reconnection...
